09:30:40	20-05-2023	1208b967-ee36-40d5-ba9e-a071ce30a336	Error: Not allowed by cors	GET	/	chrome-untrusted://new-tab-page
19:36:53	20-05-2023	7ea3f656-d4fe-4e21-94ab-fc09ce1b1a36	ReferenceError: password is not defined	GET	/users	undefined
19:41:37	20-05-2023	259778ca-c80c-4aea-953f-300b7face0ba	TypeError: User.findById(...).exex is not a function	POST	/users	undefined
19:45:26	20-05-2023	1954b65e-fb2a-47a7-b0e3-bdaf8bbf227e	ReferenceError: password is not defined	GET	/users	undefined
20:03:10	20-05-2023	6efe7a20-f967-4593-b0b6-96ceeb0a94ac	SyntaxError: Unexpected token } in JSON at position 110	POST	/users	undefined
20:27:56	28-05-2023	5a5bb568-84b8-4169-923a-322b12a20432	Error: Not allowed by cors	GET	/users	http://localhost:3000
20:33:03	28-05-2023	3bf9a1ab-6b3e-438b-85f4-af89cbead61d	Error: Not allowed by cors	GET	/users	http://localhost:3000
20:40:13	28-05-2023	e88de0ab-a231-4386-ad66-b043aec75648	Error: Not allowed by cors	GET	/users	http://localhost:3000
18:22:31	29-05-2023	8bf1356b-78ee-4e8a-9c1f-7d517e90b2fb	TypeError: User.findById(...).exex is not a function	PATCH	/users/646914b134e1735215368e73	undefined
18:23:15	29-05-2023	d9572b25-12a0-4aa5-8d85-d234377bfc70	ReferenceError: updatedUser is not defined	PATCH	/users/646914b134e1735215368e73	undefined
20:14:58	29-05-2023	07709555-878b-4d39-a3d6-0c0b6721a201	MongoServerSelectionError: getaddrinfo ENOTFOUND ac-j1gzyup-shard-00-02.h3icuge.mongodb.net	GET	/users	http://localhost:3000
13:34:02	10-06-2023	59cac475-108d-4779-aa39-ff3572fd3965	CastError: Cast to ObjectId failed for value "timeslots" (type string) at path "_id" for model "Appointment"	GET	/appointment/timeslots	http://localhost:3000
15:15:13	10-06-2023	1913cb92-a8de-4e59-ac9b-c2dccbd1e0cd	CastError: Cast to ObjectId failed for value "timeslots" (type string) at path "_id" for model "Appointment"	GET	/appointment/timeslots	http://localhost:3000
15:16:15	10-06-2023	1cf6348d-c1ce-4a1b-a2ce-12d93b752452	CastError: Cast to ObjectId failed for value "timeslots" (type string) at path "_id" for model "Appointment"	GET	/appointment/timeslots	http://localhost:3000
15:18:48	10-06-2023	1947f431-dc9c-4660-9415-ba02a765a827	CastError: Cast to ObjectId failed for value "timeslots" (type string) at path "_id" for model "Appointment"	GET	/appointment/timeslots	http://localhost:3000
15:26:40	10-06-2023	0000d478-773d-4a23-8d3e-8b6c81e2df33	CastError: Cast to ObjectId failed for value "timeslots" (type string) at path "_id" for model "Appointment"	GET	/appointment/timeslots	http://localhost:3000
15:26:52	10-06-2023	831ff0b1-4a3c-4e54-a909-e9869e47a0e1	CastError: Cast to ObjectId failed for value "timeslots" (type string) at path "_id" for model "Appointment"	GET	/appointment/timeslots	http://localhost:3000
15:30:39	10-06-2023	f6ab95de-e048-4a46-8c88-4ef0a746dc09	CastError: Cast to ObjectId failed for value "timeslots" (type string) at path "_id" for model "Appointment"	GET	/appointment/timeslots	http://localhost:3000
15:30:45	10-06-2023	071be69f-6ca0-42fd-9323-28789f4359be	CastError: Cast to ObjectId failed for value "timeslots" (type string) at path "_id" for model "Appointment"	GET	/appointment/timeslots	http://localhost:3000
15:34:27	10-06-2023	50676f86-80e0-4289-8392-619e5fe338b4	CastError: Cast to ObjectId failed for value "timeslots" (type string) at path "_id" for model "Appointment"	GET	/appointment/timeslots	http://localhost:3000
15:40:59	10-06-2023	90a946fb-0ea1-45ba-8403-548840bab1ab	CastError: Cast to ObjectId failed for value "timeslots" (type string) at path "_id" for model "Appointment"	GET	/appointment/timeslots	http://localhost:3000
20:57:08	18-06-2023	d122a737-475d-428c-ab17-ac67bcafc259	ReferenceError: next is not defined	PATCH	/users/undefined/availability	http://localhost:3000
20:36:57	20-06-2023	7231fd74-03c0-4068-a213-83c5ee741985	ValidationError: Appointment validation failed: endTime: Path `endTime` is required., startTime: Path `startTime` is required.	POST	/appointment	http://localhost:3000
20:39:48	20-06-2023	e8fe8300-219b-411d-8e75-dfbc91e10a21	ValidationError: Appointment validation failed: endTime: Path `endTime` is required., startTime: Path `startTime` is required.	POST	/appointment	http://localhost:3000
20:48:49	20-06-2023	55c84a23-e1a7-45d9-945b-020ec6c756a4	ValidationError: Appointment validation failed: endTime: Path `endTime` is required., startTime: Path `startTime` is required.	POST	/appointment	http://localhost:3000
20:56:18	20-06-2023	4e6ad530-54cc-4cdc-88d7-1a85ca445433	ValidationError: Appointment validation failed: endTime: Path `endTime` is required., startTime: Path `startTime` is required.	POST	/appointment	http://localhost:3000
20:57:33	20-06-2023	1be415f1-7a01-4c70-98ee-8b7a7ced00e9	ValidationError: Appointment validation failed: endTime: Path `endTime` is required., startTime: Path `startTime` is required.	POST	/appointment	http://localhost:3000
20:57:52	20-06-2023	338a3481-94a3-40e2-9583-3fc24bb3aa8a	ValidationError: Appointment validation failed: endTime: Path `endTime` is required., startTime: Path `startTime` is required.	POST	/appointment	http://localhost:3000
21:00:16	20-06-2023	64c92b82-1a49-4a1b-aeb4-8432fb62ba86	ValidationError: Appointment validation failed: endTime: Path `endTime` is required., startTime: Path `startTime` is required.	POST	/appointment	http://localhost:3000
13:23:22	23-06-2023	7e7b7cc6-1f29-4aec-ba8d-4b31d911dbec	MongoServerSelectionError: getaddrinfo ENOTFOUND ac-j1gzyup-shard-00-01.h3icuge.mongodb.net	GET	/service	http://localhost:3000
13:23:32	23-06-2023	b37018d4-1475-4294-a691-0d0505347342	MongoServerSelectionError: getaddrinfo ENOTFOUND ac-j1gzyup-shard-00-01.h3icuge.mongodb.net	GET	/service	http://localhost:3000
17:48:24	01-07-2023	a5dd5dff-914e-42dd-b36d-ff554b9819b7	CastError: Cast to [ObjectId] failed for value "[\n' +
  '  {\n' +
  "    startTime: '2023-07-03T08:00:00.000Z',\n" +
  "    endTime: '2023-07-03T09:00:00.000Z'\n" +
  '  }\n' +
  ']" (type string) at path "appointments.0" because of "CastError"	POST	/appointment	http://localhost:3000
17:48:33	01-07-2023	896a18f3-b4a3-4bca-ac06-f8f08f97d645	CastError: Cast to [ObjectId] failed for value "[\n' +
  '  {\n' +
  "    startTime: '2023-07-03T08:00:00.000Z',\n" +
  "    endTime: '2023-07-03T09:00:00.000Z'\n" +
  '  }\n' +
  ']" (type string) at path "appointments.0" because of "CastError"	POST	/appointment	http://localhost:3000
17:48:44	01-07-2023	03e83fe4-1025-409f-85a3-a87e81993954	CastError: Cast to [ObjectId] failed for value "[\n' +
  '  {\n' +
  "    startTime: '2023-07-03T08:00:00.000Z',\n" +
  "    endTime: '2023-07-03T09:00:00.000Z'\n" +
  '  }\n' +
  ']" (type string) at path "appointments.0" because of "CastError"	POST	/appointment	http://localhost:3000
17:49:38	01-07-2023	da4ebbeb-3e21-408d-865f-35f3616c677c	CastError: Cast to [ObjectId] failed for value "[\n' +
  '  {\n' +
  "    startTime: '2023-07-03T08:00:00.000Z',\n" +
  "    endTime: '2023-07-03T09:00:00.000Z'\n" +
  '  }\n' +
  ']" (type string) at path "appointments.0" because of "CastError"	POST	/appointment	http://localhost:3000
