20:26:21	19-05-2023	a7c8369f-3071-4633-b388-5081204a91b0	GET	/	undefined
20:26:21	19-05-2023	4e88483d-7a1e-455b-80c3-8350413097f6	GET	/css/style.css	undefined
09:14:45	20-05-2023	2cf12319-9333-4f2a-8a81-5dc616a2c59e	GET	/	chrome-untrusted://new-tab-page
09:15:36	20-05-2023	3e5ee905-104b-4fb4-a438-6d2fcf9142c8	GET	/	chrome-untrusted://new-tab-page
09:30:40	20-05-2023	4a09207f-2570-4a59-8f21-c8c13e780b52	GET	/	chrome-untrusted://new-tab-page
19:00:07	20-05-2023	f7ed4bc3-f7fc-4aaa-bf2a-31de23398cf7	GET	/users	undefined
19:03:09	20-05-2023	2df16482-f786-4794-b923-24c36e25d1d2	GET	/users	undefined
19:04:17	20-05-2023	a53d85fd-60a1-425a-ab52-1e54de9d11a8	GET	/	undefined
19:06:33	20-05-2023	06f064f3-2f7c-40ed-99a0-35b7be757035	GET	/	undefined
19:11:37	20-05-2023	9f7cf937-af08-41a7-b070-8e7e645b61b5	GET	/users	undefined
19:15:08	20-05-2023	2c23f2c6-b5e9-4b15-baf1-926f4c6db87e	GET	/	undefined
19:17:09	20-05-2023	b3ccab16-cf46-4e21-9d39-0261e38c016a	GET	/	undefined
19:17:50	20-05-2023	99807394-a617-41fe-9128-c718d907180a	GET	/dave	undefined
19:18:47	20-05-2023	56638351-522a-49f4-bbbb-e788fae2c65e	GET	/	undefined
19:20:05	20-05-2023	e4a8c346-c046-4ae2-bfb4-16b2cd5d0057	GET	/dave	undefined
19:20:22	20-05-2023	15987d0b-3040-42d0-af3d-95387bad50ef	GET	/dave	undefined
19:32:11	20-05-2023	3a2cdaba-2a30-4250-ad9e-af16b416b214	GET	/	undefined
19:32:11	20-05-2023	22b6bc02-74ce-4b54-81c4-5bb72dbf1fb9	GET	/css/style.css	undefined
19:32:22	20-05-2023	aa132b21-9fd0-46cf-8a87-44760a6c1e98	GET	/	undefined
19:33:16	20-05-2023	926d778b-0f02-4cec-88e6-51b32f990f23	GET	/	undefined
19:33:18	20-05-2023	64822f30-f3ab-40d2-96b4-a5a1ed7e89ab	GET	/	undefined
19:33:32	20-05-2023	9bf9553d-1e66-44c2-9022-bc8e3be5974d	GET	/	undefined
19:33:33	20-05-2023	fe09b4cf-8d1d-4bb6-afa6-933b64bca9b7	GET	/css/style.css	undefined
19:35:05	20-05-2023	f3ad491d-781e-4fa6-86b8-558d7b3ba9a4	GET	/	undefined
19:35:05	20-05-2023	7514ebfb-7420-4ea8-9f43-2ee56964999c	GET	/css/style.css	undefined
19:35:24	20-05-2023	e682e427-2819-4887-b7c3-9153e1e91ca0	GET	/	undefined
19:35:24	20-05-2023	f5351d8a-8db0-44b3-8c3e-d40c82086daa	GET	/css/style.css	undefined
19:36:53	20-05-2023	ea3d5721-8760-4876-9709-5bf92d7820a4	GET	/users	undefined
19:41:37	20-05-2023	4eec5e9b-fcdd-4707-8543-7fb7134a6f31	POST	/users	undefined
19:42:57	20-05-2023	0f1f47f4-3a81-490d-a667-2f6570f69dcd	POST	/users	undefined
19:45:26	20-05-2023	2e5324d5-5193-4299-852d-5af52904d309	GET	/users	undefined
19:47:54	20-05-2023	e4605c84-3a57-48f3-a2dc-2d2393af2290	GET	/users	undefined
20:02:22	20-05-2023	6477f75b-cb14-4507-a632-e1f89a0d6ed5	POST	/users	undefined
20:02:46	20-05-2023	60714329-2181-494b-9df3-fe8d8809b904	POST	/users	undefined
21:28:50	20-05-2023	e19c93af-8d0b-4865-91f2-7859fa087bc3	GET	/users	undefined
21:29:30	20-05-2023	7d768faf-294e-48c6-aee2-4ef46531a64e	GET	/users/646914b134e1735215368e73/availability	undefined
21:29:50	20-05-2023	bd4e9b01-60e7-4a5a-b64d-8faf5b664a97	GET	/users/id:646914b134e1735215368e73/availability	undefined
21:30:09	20-05-2023	d243f820-96fb-408a-8eb9-9874a5997b08	PATCH	/users/id:646914b134e1735215368e73/availability	undefined
21:30:21	20-05-2023	4340b191-863a-4257-9325-6455035b2c97	PATCH	/users/646914b134e1735215368e73/availability	undefined
21:32:06	20-05-2023	e28eaa3a-31a4-4778-b555-5db51bf961f4	POST	/users/646914b134e1735215368e73/availability	undefined
21:32:17	20-05-2023	cda20f31-9597-4f2a-ac99-7276ce91cf69	POST	/users	undefined
21:32:22	20-05-2023	20663299-2070-489d-b6b6-b151ca08f64e	GET	/users	undefined
21:33:19	20-05-2023	d2daa1ff-77cc-40cf-9b28-51ecf27516ff	PATCH	/users/64692e519e1e4b03acd7fee0/availability	undefined
21:33:36	20-05-2023	bbd2b2fb-cc72-4427-9fad-22eff866db0c	PATCH	/users/id:64692e519e1e4b03acd7fee0/availability	undefined
21:33:43	20-05-2023	35851a27-5013-42f9-b7ed-6866b4091b62	PATCH	/users/64692e519e1e4b03acd7fee0/availability	undefined
21:38:37	20-05-2023	7fd4589e-e1e7-4832-90ff-89dd7916f580	PATCH	/users/64692e519e1e4b03acd7fee0/availability	undefined
22:38:20	20-05-2023	4870d6fa-f731-4129-9f05-c98d7a3b0923	PATCH	/users/64692e519e1e4b03acd7fee0/availability	undefined
22:38:59	20-05-2023	1216e004-027e-4d73-8b89-9f84287707a9	PATCH	/users/64692e519e1e4b03acd7fee0/availability	undefined
22:39:09	20-05-2023	4a98100f-03b4-4eaf-b38f-772406ee8c97	GET	/users	undefined
19:28:36	28-05-2023	fd1f8e5e-593e-4255-a9cb-90c3c76f7ae2	GET	/users	undefined
20:27:56	28-05-2023	414fc774-7f2b-4471-887e-9abd1b761d37	GET	/users	http://localhost:3000
20:33:03	28-05-2023	b6a4bebe-0f4e-4c53-8f3c-b5d4a5f7aa0a	GET	/users	http://localhost:3000
20:40:13	28-05-2023	4dc7b6ed-b18a-4165-9b14-6910fd4faa05	GET	/users	http://localhost:3000
20:41:05	28-05-2023	675f2b86-cafe-4cef-9a1d-4905e2427436	GET	/users	http://localhost:3000
20:43:10	28-05-2023	da47878e-b7f4-4ac6-afc7-b326a36ebc64	GET	/users	http://localhost:3000
11:31:17	29-05-2023	cc024c47-4be1-4756-9c0e-6a7672d83a85	GET	/users	undefined
11:32:03	29-05-2023	eb9b6f81-c440-4e9a-98f6-6528213d4673	GET	/service	undefined
11:33:50	29-05-2023	bbb3ab4b-bbed-48dd-a0e8-e3c1c78e1a84	GET	/service	undefined
11:46:10	29-05-2023	3be5cdbc-6d1e-4d16-ad79-8898d894ef8b	POST	/service	undefined
11:46:16	29-05-2023	050566cc-cb46-41f5-9029-d30d26679c9e	GET	/service	undefined
11:47:59	29-05-2023	cbc09e2a-7475-48bd-98ce-95c1acc6ba0c	POST	/service	undefined
11:49:03	29-05-2023	31ebf05e-2819-4c99-8e39-25314ff1d615	POST	/service	undefined
11:49:20	29-05-2023	49eacf78-8003-4edc-8705-4634cd1b5903	POST	/service	undefined
11:49:28	29-05-2023	87ba182e-968e-4421-a06d-33f2b043f903	POST	/service	undefined
11:49:39	29-05-2023	77817ab1-5acb-408f-a5dd-cf7b72fb7d1e	POST	/service	undefined
11:49:43	29-05-2023	30daf346-a10e-475b-b127-0fe5561ca41b	GET	/service	undefined
11:50:05	29-05-2023	65ebb166-4fe9-4d1b-936a-c8cf7852ae6c	GET	/users	undefined
11:50:18	29-05-2023	dc6e744e-bef1-4a5a-aa17-d5fe597e37f9	GET	/service	undefined
12:28:08	29-05-2023	9c75faa6-9693-4bf5-ac5c-86da18f70834	GET	/services	http://localhost:3000
12:33:09	29-05-2023	e14f9ab7-261a-4f81-9a0d-a170611cfd9b	GET	/service:0	undefined
12:33:17	29-05-2023	3163c334-6f19-4358-ba61-bb68737e33b0	GET	/service:1	undefined
12:33:50	29-05-2023	62c421f8-870c-4b5f-9953-df89d7cb7ae0	GET	/services	http://localhost:3000
12:33:52	29-05-2023	d1e7c0ec-8c06-43f9-8c3f-65afb01b1dae	GET	/service	http://localhost:3000
12:39:20	29-05-2023	6301ef1a-ca58-4cac-b4f4-4da00f50ff7e	GET	/users	http://localhost:3000
12:39:26	29-05-2023	a2373f74-4a2c-47d3-89ff-cb2096eca321	GET	/service	http://localhost:3000
12:41:04	29-05-2023	f8ee41aa-f382-42a2-82a0-a393384c4e4f	GET	/service	http://localhost:3000
13:14:45	29-05-2023	677a6dbe-4cd2-44d7-9680-fb54a396ff75	GET	/appointment	http://localhost:3000
13:16:04	29-05-2023	33b25eee-8fc9-4d91-91c0-c0a11df74859	GET	/service	http://localhost:3000
13:16:07	29-05-2023	cab74ebe-a5c6-4fb2-868f-7f05a47bf60a	GET	/appointment	http://localhost:3000
13:16:08	29-05-2023	836d1a82-079f-4ac6-b352-8c2f77a2f100	GET	/users	http://localhost:3000
13:17:00	29-05-2023	748d71b3-85c4-49a3-b1ae-a03946ed999f	GET	/appointment	http://localhost:3000
13:17:02	29-05-2023	2a9b7e0e-f6ad-4587-a358-4dfa6fc863b2	GET	/service	http://localhost:3000
13:17:05	29-05-2023	3971cd32-9418-4f97-a62d-f5b1dade3e3d	GET	/users	http://localhost:3000
